TN:
SF:client\src\components\Button.jsx
FN:3,Button
FNF:1
FNH:1
FNDA:12,Button
DA:11,12
DA:17,12
DA:23,12
LF:3
LH:3
BRDA:5,0,0,9
BRDA:6,1,0,9
BRDA:7,2,0,10
BRDA:8,3,0,11
BRDA:26,4,0,2
BRDA:26,4,1,10
BRF:6
BRH:6
end_of_record
TN:
SF:client\src\utils\math.js
FN:1,(anonymous_0)
FNF:1
FNH:1
FNDA:1,(anonymous_0)
DA:1,1
LF:1
LH:1
BRF:0
BRH:0
end_of_record
TN:
SF:server\src\app.js
FN:11,(anonymous_0)
FNF:1
FNH:0
FNDA:0,(anonymous_0)
DA:1,1
DA:2,1
DA:3,1
DA:5,1
DA:6,1
DA:7,1
DA:9,1
DA:11,1
DA:12,0
DA:13,0
DA:17,1
LF:11
LH:9
BRF:0
BRH:0
end_of_record
TN:
SF:server\src\controllers\postController.js
FN:3,(anonymous_0)
FN:19,(anonymous_1)
FN:31,(anonymous_2)
FN:37,(anonymous_3)
FN:50,(anonymous_4)
FNF:5
FNH:5
FNDA:2,(anonymous_0)
FNDA:4,(anonymous_1)
FNDA:2,(anonymous_2)
FNDA:2,(anonymous_3)
FNDA:1,(anonymous_4)
DA:1,1
DA:3,1
DA:4,2
DA:5,2
DA:6,1
DA:8,1
DA:13,1
DA:15,0
DA:19,1
DA:20,4
DA:22,4
DA:24,4
DA:28,4
DA:31,1
DA:32,2
DA:33,2
DA:34,1
DA:37,1
DA:38,2
DA:40,2
DA:41,2
DA:42,1
DA:44,1
DA:45,1
DA:47,1
DA:50,1
DA:51,1
DA:52,1
DA:54,1
DA:55,0
DA:57,1
DA:59,1
LF:32
LH:30
BRDA:5,0,0,1
BRDA:5,0,1,1
BRDA:20,1,0,2
BRDA:20,2,0,2
BRDA:22,3,0,1
BRDA:22,3,1,3
BRDA:33,4,0,1
BRDA:33,4,1,1
BRDA:40,5,0,0
BRDA:40,5,1,2
BRDA:41,6,0,1
BRDA:41,6,1,1
BRDA:52,7,0,0
BRDA:52,7,1,1
BRDA:54,8,0,0
BRDA:54,8,1,1
BRF:16
BRH:13
end_of_record
TN:
SF:server\src\middleware\authMiddleware.js
FN:4,(anonymous_0)
FNF:1
FNH:1
FNDA:8,(anonymous_0)
DA:1,1
DA:2,1
DA:4,1
DA:5,8
DA:6,8
DA:8,5
DA:10,5
DA:11,5
DA:12,5
DA:13,5
DA:15,0
LF:11
LH:10
BRDA:6,0,0,3
BRDA:6,0,1,5
BRF:2
BRH:2
end_of_record
TN:
SF:server\src\models\Post.js
FNF:0
FNH:0
DA:1,1
DA:3,1
DA:11,1
LF:3
LH:3
BRF:0
BRH:0
end_of_record
TN:
SF:server\src\models\User.js
FNF:0
FNH:0
DA:1,1
DA:3,1
DA:9,1
LF:3
LH:3
BRF:0
BRH:0
end_of_record
TN:
SF:server\src\routes\postRoutes.js
FNF:0
FNH:0
DA:1,1
DA:2,1
DA:3,1
DA:4,1
DA:6,1
DA:7,1
DA:8,1
DA:9,1
DA:10,1
DA:12,1
LF:10
LH:10
BRF:0
BRH:0
end_of_record
TN:
SF:server\src\utils\auth.js
FN:5,(anonymous_0)
FN:9,(anonymous_1)
FNF:2
FNH:2
FNDA:2,(anonymous_0)
FNDA:5,(anonymous_1)
DA:1,1
DA:3,1
DA:5,1
DA:6,2
DA:9,1
DA:10,5
LF:6
LH:6
BRF:0
BRH:0
end_of_record
